0 info it worked if it ends with ok
1 verbose cli [ 'node', '/usr/local/bin/npm', 'run', 'go' ]
2 info using npm@2.12.0
3 info using node@v0.12.5
4 verbose stack Error: Failed to parse json
4 verbose stack Trailing comma in object at 43:3
4 verbose stack   },
4 verbose stack   ^
4 verbose stack     at parseError (/usr/local/lib/node_modules/npm/node_modules/read-package-json/read-json.js:379:11)
4 verbose stack     at parseJson (/usr/local/lib/node_modules/npm/node_modules/read-package-json/read-json.js:68:23)
4 verbose stack     at /usr/local/lib/node_modules/npm/node_modules/read-package-json/read-json.js:48:5
4 verbose stack     at evalmachine.<anonymous>:334:14
4 verbose stack     at /usr/local/lib/node_modules/npm/node_modules/graceful-fs/graceful-fs.js:102:5
4 verbose stack     at FSReqWrap.oncomplete (evalmachine.<anonymous>:95:15)
5 verbose cwd /home/ronan/github/canary
6 error Linux 3.16.0-43-generic
7 error argv "node" "/usr/local/bin/npm" "run" "go"
8 error node v0.12.5
9 error npm  v2.12.0
10 error file /home/ronan/github/canary/package.json
11 error code EJSONPARSE
12 error Failed to parse json
12 error Trailing comma in object at 43:3
12 error   },
12 error   ^
13 error File: /home/ronan/github/canary/package.json
14 error Failed to parse package.json data.
14 error package.json must be actual JSON, not just JavaScript.
14 error
14 error This is not a bug in npm.
14 error Tell the package author to fix their package.json file. JSON.parse
15 verbose exit [ 1, true ]
